<?xml version="1.0" encoding="UTF-8"?>
<testsuite xmlns:xsi="http://www.w3.org/2001/XMLSchema-instance" xsi:noNamespaceSchemaLocation="https://maven.apache.org/surefire/maven-surefire-plugin/xsd/surefire-test-report.xsd" name="com.zsmall.test.ItemServiceImplTest" time="0.024" tests="1" errors="1" skipped="0" failures="0">
  <properties>
[...]
</properties>
  <testcase name="getItems" classname="com.zsmall.test.ItemServiceImplTest" time="0.021">
    <error type="java.lang.NullPointerException">java.lang.NullPointerException
	at com.zsmall.test.ItemServiceImplTest.getItems(ItemServiceImplTest.java:25)
</error>
  </testcase>
</testsuite>